mode: set
overhelloworld/internal/app/command.go:21.61,23.9 2 0
overhelloworld/internal/app/command.go:23.9,25.3 1 0
overhelloworld/internal/app/command.go:26.2,31.34 2 0
overhelloworld/internal/app/event.go:11.61,14.2 2 0
overhelloworld/internal/app/file_event_store.go:13.58,15.16 2 0
overhelloworld/internal/app/file_event_store.go:15.16,17.3 1 0
overhelloworld/internal/app/file_event_store.go:18.2,20.26 3 0
overhelloworld/internal/app/file_event_store.go:23.81,25.16 2 0
overhelloworld/internal/app/file_event_store.go:25.16,26.25 1 0
overhelloworld/internal/app/file_event_store.go:26.25,28.4 1 0
overhelloworld/internal/app/file_event_store.go:29.3,29.13 1 0
overhelloworld/internal/app/file_event_store.go:31.2,33.21 3 0
overhelloworld/internal/app/file_event_store.go:33.21,35.63 2 0
overhelloworld/internal/app/file_event_store.go:35.63,37.4 1 0
overhelloworld/internal/app/file_event_store.go:39.2,39.22 1 0
overhelloworld/internal/app/observability.go:20.20,22.2 1 0
overhelloworld/internal/app/observability.go:24.36,26.2 1 0
overhelloworld/internal/app/observability.go:28.24,32.2 3 0
overhelloworld/internal/app/observability.go:34.25,37.2 2 0
overhelloworld/internal/app/observability.go:39.22,41.2 1 0
overhelloworld/internal/app/plugin.go:10.51,12.2 1 0
overhelloworld/internal/app/plugin.go:15.49,17.2 1 0
overhelloworld/internal/app/plugin.go:20.49,22.2 1 0
overhelloworld/internal/app/redis_event.go:14.58,16.16 2 0
overhelloworld/internal/app/redis_event.go:16.16,18.3 1 0
overhelloworld/internal/app/redis_event.go:19.2,19.70 1 0
overhelloworld/internal/api/hello.go:17.78,19.61 2 0
overhelloworld/internal/api/hello.go:19.61,22.3 2 0
overhelloworld/internal/api/hello.go:23.2,24.55 2 0
overhelloworld/internal/api/hello.go:24.55,27.3 2 0
overhelloworld/internal/api/hello.go:28.2,29.42 2 0
overhelloworld/internal/api/hello_query.go:13.84,17.2 3 0
overhelloworld/internal/readmodel/readmodel.go:13.55,21.2 3 0
overhelloworld/internal/readmodel/readmodel.go:23.48,27.2 3 0
overhelloworld/internal/domain/hello.go:17.40,21.2 3 0
overhelloworld/internal/domain/hello.go:23.43,24.28 1 0
overhelloworld/internal/domain/hello.go:25.17,27.17 2 0
overhelloworld/internal/domain/hello.go:28.20,29.17 1 0
overhelloworld/internal/domain/hello.go:30.13,31.27 1 0
overhelloworld/cmd/server/main.go:15.13,18.15 2 0
overhelloworld/cmd/server/main.go:18.15,21.6 2 0
overhelloworld/cmd/server/main.go:22.5,35.24 8 0
overhelloworld/cmd/server/main.go:35.24,39.6 3 0
overhelloworld/cmd/server/main.go:39.11,42.6 2 0
overhelloworld/cmd/server/main.go:45.5,47.56 2 0
overhelloworld/cmd/server/main.go:47.56,48.51 1 0
overhelloworld/cmd/server/main.go:48.51,55.39 3 0
overhelloworld/cmd/server/main.go:55.39,57.14 1 0
overhelloworld/cmd/server/main.go:62.5,73.71 5 0
overhelloworld/cmd/server/main.go:73.71,75.6 1 0
overhelloworld/cmd/server/main.go:76.5,76.76 1 0
overhelloworld/cmd/server/main.go:76.76,77.40 1 0
overhelloworld/cmd/server/main.go:77.40,79.10 1 0
overhelloworld/cmd/server/main.go:79.15,79.46 1 0
overhelloworld/cmd/server/main.go:79.46,81.10 1 0
overhelloworld/cmd/server/main.go:81.15,83.10 1 0
overhelloworld/cmd/server/main.go:86.5,87.61 2 0
overhelloworld/cmd/server/main.go:87.61,89.6 1 0
overhelloworld/cmd/server/main.go:101.62,102.46 1 0
overhelloworld/cmd/server/main.go:102.46,104.37 2 0
overhelloworld/cmd/server/main.go:104.37,106.10 1 0
overhelloworld/cmd/server/main.go:107.9,109.33 3 0
overhelloworld/cmd/server/main.go:111.5,111.37 1 0
